Determining if the pthread_create exist failed with the following output:
Change Dir: /home/hg/helens/build/CMakeFiles/CMakeTmp

Run Build Command(s):/usr/bin/gmake cmTC_54a00/fast 
gmake[1]: Entering directory `/home/hg/helens/build/CMakeFiles/CMakeTmp'
/usr/bin/gmake -f CMakeFiles/cmTC_54a00.dir/build.make CMakeFiles/cmTC_54a00.dir/build
gmake[2]: Entering directory `/home/hg/helens/build/CMakeFiles/CMakeTmp'
Building C object CMakeFiles/cmTC_54a00.dir/CheckSymbolExists.c.o
/apps/sylar/bin/gcc   -rdynamic -O3 -fPIC -ggdb -std=c11 -Wall -Wno-deprecated -Werror -Wno-unused-function -Wno-builtin-macro-redefined -Wno-deprecated-declarations    -o CMakeFiles/cmTC_54a00.dir/CheckSymbolExists.c.o   -c /home/hg/helens/build/CMakeFiles/CMakeTmp/CheckSymbolExists.c
Linking C executable cmTC_54a00
/apps/sylar/bin/cmake -E cmake_link_script CMakeFiles/cmTC_54a00.dir/link.txt --verbose=1
/apps/sylar/bin/gcc  -rdynamic -O3 -fPIC -ggdb -std=c11 -Wall -Wno-deprecated -Werror -Wno-unused-function -Wno-builtin-macro-redefined -Wno-deprecated-declarations     -rdynamic CMakeFiles/cmTC_54a00.dir/CheckSymbolExists.c.o  -o cmTC_54a00 
CMakeFiles/cmTC_54a00.dir/CheckSymbolExists.c.o: In function `main':
/home/hg/helens/build/CMakeFiles/CMakeTmp/CheckSymbolExists.c:8: undefined reference to `pthread_create'
collect2: error: ld returned 1 exit status
gmake[2]: *** [cmTC_54a00] Error 1
gmake[2]: Leaving directory `/home/hg/helens/build/CMakeFiles/CMakeTmp'
gmake[1]: *** [cmTC_54a00/fast] Error 2
gmake[1]: Leaving directory `/home/hg/helens/build/CMakeFiles/CMakeTmp'

File /home/hg/helens/build/CMakeFiles/CMakeTmp/CheckSymbolExists.c:
/* */
#include <pthread.h>

int main(int argc, char** argv)
{
  (void)argv;
#ifndef pthread_create
  return ((int*)(&pthread_create))[argc];
#else
  (void)argc;
  return 0;
#endif
}

Determining if the function pthread_create exists in the pthreads failed with the following output:
Change Dir: /home/hg/helens/build/CMakeFiles/CMakeTmp

Run Build Command(s):/usr/bin/gmake cmTC_893d9/fast 
gmake[1]: Entering directory `/home/hg/helens/build/CMakeFiles/CMakeTmp'
/usr/bin/gmake -f CMakeFiles/cmTC_893d9.dir/build.make CMakeFiles/cmTC_893d9.dir/build
gmake[2]: Entering directory `/home/hg/helens/build/CMakeFiles/CMakeTmp'
Building C object CMakeFiles/cmTC_893d9.dir/CheckFunctionExists.c.o
/apps/sylar/bin/gcc   -rdynamic -O3 -fPIC -ggdb -std=c11 -Wall -Wno-deprecated -Werror -Wno-unused-function -Wno-builtin-macro-redefined -Wno-deprecated-declarations -DCHECK_FUNCTION_EXISTS=pthread_create   -o CMakeFiles/cmTC_893d9.dir/CheckFunctionExists.c.o   -c /apps/sylar/share/cmake-3.14/Modules/CheckFunctionExists.c
Linking C executable cmTC_893d9
/apps/sylar/bin/cmake -E cmake_link_script CMakeFiles/cmTC_893d9.dir/link.txt --verbose=1
/apps/sylar/bin/gcc  -rdynamic -O3 -fPIC -ggdb -std=c11 -Wall -Wno-deprecated -Werror -Wno-unused-function -Wno-builtin-macro-redefined -Wno-deprecated-declarations -DCHECK_FUNCTION_EXISTS=pthread_create    -rdynamic CMakeFiles/cmTC_893d9.dir/CheckFunctionExists.c.o  -o cmTC_893d9 -lpthreads 
/usr/bin/ld: cannot find -lpthreads
collect2: error: ld returned 1 exit status
gmake[2]: *** [cmTC_893d9] Error 1
gmake[2]: Leaving directory `/home/hg/helens/build/CMakeFiles/CMakeTmp'
gmake[1]: *** [cmTC_893d9/fast] Error 2
gmake[1]: Leaving directory `/home/hg/helens/build/CMakeFiles/CMakeTmp'


